2020-04-29 17:18:01.686 [main] INFO  org.milkteaboy.simplefarm.game.GameApplication - Starting GameApplication on DESKTOP-PA1A4DC with PID 10860 (E:\JavaTest\simplefarm-server\simplefarm-game\target\classes started by Norton in E:\JavaTest\simplefarm-server)
2020-04-29 17:18:01.693 [main] DEBUG org.milkteaboy.simplefarm.game.GameApplication - Running with Spring Boot v2.2.5.RELEASE, Spring v5.2.4.RELEASE
2020-04-29 17:18:01.694 [main] INFO  org.milkteaboy.simplefarm.game.GameApplication - No active profile set, falling back to default profiles: default
2020-04-29 17:18:07.871 [main] INFO  org.milkteaboy.simplefarm.game.GameApplication - Started GameApplication in 7.613 seconds (JVM running for 9.903)
2020-04-29 17:19:32.198 [nioEventLoopGroup-3-1] DEBUG org.milkteaboy.simplefarm.netty.socket.SocketChannelHandler - 收到消息:{"method":"login/login","data":["test","123"]}
2020-04-29 17:19:33.053 [nioEventLoopGroup-3-1] INFO  org.milkteaboy.simplefarm.game.controller.LoginController - 用户登录,userId:1
2020-04-29 17:19:33.092 [nioEventLoopGroup-3-1] DEBUG org.milkteaboy.simplefarm.netty.socket.SocketServer - 发送消息：{"method":"login/login","data":{"success":true,"message":"登录成功"}}
2020-04-29 17:19:33.110 [nioEventLoopGroup-3-1] DEBUG org.milkteaboy.simplefarm.netty.socket.SocketChannelHandler - 收到消息:{"method":"global/farmInfo","data":[]}
2020-04-29 17:19:33.309 [nioEventLoopGroup-3-1] DEBUG org.milkteaboy.simplefarm.netty.socket.SocketServer - 发送消息：{"method":"global/farmInfo","data":{"needExp":100,"wellWaterCount":3,"level":1,"buildInfo":[{"buildId":0,"level":1,"maxLevel":1},{"buildId":1,"level":1,"maxLevel":1},{"buildId":2,"level":1,"maxLevel":1},{"buildId":3,"level":1,"maxLevel":1},{"buildId":4,"level":1,"maxLevel":1},{"buildId":5,"level":1,"maxLevel":1},{"buildId":6,"level":1,"maxLevel":1},{"buildId":7,"level":1,"maxLevel":1},{"buildId":8,"level":1,"maxLevel":1}],"success":true,"nickname":"测试","message":"获取成功","exp":0,"hunterState":0,"coin":100,"livestockInfo":[{"buildId":3,"count":0,"id":-1},{"buildId":3,"count":0,"id":-1}],"groundInfo":[{"buildId":5,"userGroundList":[{"id":-1,"index":0},{"id":-1,"index":1},{"id":-1,"index":2},{"id":-1,"index":3},{"id":-1,"index":4},{"id":-1,"index":5}]},{"buildId":6,"userGroundList":[{"id":-1,"index":6},{"id":-1,"index":7},{"id":-1,"index":8},{"id":-1,"index":9},{"id":-1,"index":10},{"id":-1,"index":11}]}]}}
2020-04-29 17:20:40.077 [nioEventLoopGroup-3-1] INFO  org.milkteaboy.simplefarm.game.config.SocketConfig - 断开连接,userId:1
2020-04-29 17:20:44.779 [nioEventLoopGroup-3-2] DEBUG org.milkteaboy.simplefarm.netty.socket.SocketChannelHandler - 收到消息:{"method":"login/login","data":["test","123"]}
2020-04-29 17:20:44.801 [nioEventLoopGroup-3-2] INFO  org.milkteaboy.simplefarm.game.controller.LoginController - 用户登录,userId:1
2020-04-29 17:20:44.803 [nioEventLoopGroup-3-2] DEBUG org.milkteaboy.simplefarm.netty.socket.SocketServer - 发送消息：{"method":"login/login","data":{"success":true,"message":"登录成功"}}
2020-04-29 17:20:44.841 [nioEventLoopGroup-3-2] DEBUG org.milkteaboy.simplefarm.netty.socket.SocketChannelHandler - 收到消息:{"method":"global/farmInfo","data":[]}
2020-04-29 17:20:44.947 [nioEventLoopGroup-3-2] DEBUG org.milkteaboy.simplefarm.netty.socket.SocketServer - 发送消息：{"method":"global/farmInfo","data":{"needExp":100,"wellWaterCount":3,"level":1,"buildInfo":[{"buildId":0,"level":1,"maxLevel":1},{"buildId":1,"level":1,"maxLevel":1},{"buildId":2,"level":1,"maxLevel":1},{"buildId":3,"level":1,"maxLevel":1},{"buildId":4,"level":1,"maxLevel":1},{"buildId":5,"level":1,"maxLevel":1},{"buildId":6,"level":1,"maxLevel":1},{"buildId":7,"level":1,"maxLevel":1},{"buildId":8,"level":1,"maxLevel":1}],"success":true,"nickname":"测试","message":"获取成功","exp":0,"hunterState":0,"coin":100,"livestockInfo":[{"buildId":3,"count":2,"finishDateTime":1588151340000,"id":1,"startDateTime":1588151220000},{"buildId":3,"count":0,"id":-1}],"groundInfo":[{"buildId":5,"userGroundList":[{"id":-1,"index":0},{"id":-1,"index":1},{"id":-1,"index":2},{"id":-1,"index":3},{"id":-1,"index":4},{"id":-1,"index":5}]},{"buildId":6,"userGroundList":[{"id":-1,"index":6},{"id":-1,"index":7},{"id":-1,"index":8},{"id":-1,"index":9},{"id":-1,"index":10},{"id":-1,"index":11}]}]}}
2020-04-29 17:21:13.829 [nioEventLoopGroup-3-2] INFO  org.milkteaboy.simplefarm.game.config.SocketConfig - 断开连接,userId:1
2020-04-29 17:26:40.591 [main] INFO  org.milkteaboy.simplefarm.game.GameApplication - Starting GameApplication on DESKTOP-PA1A4DC with PID 10040 (E:\JavaTest\simplefarm-server\simplefarm-game\target\classes started by Norton in E:\JavaTest\simplefarm-server)
2020-04-29 17:26:40.599 [main] DEBUG org.milkteaboy.simplefarm.game.GameApplication - Running with Spring Boot v2.2.5.RELEASE, Spring v5.2.4.RELEASE
2020-04-29 17:26:40.600 [main] INFO  org.milkteaboy.simplefarm.game.GameApplication - No active profile set, falling back to default profiles: default
2020-04-29 17:26:44.456 [main] INFO  org.milkteaboy.simplefarm.game.GameApplication - Started GameApplication in 4.794 seconds (JVM running for 5.983)
2020-04-29 17:26:58.554 [nioEventLoopGroup-3-1] DEBUG org.milkteaboy.simplefarm.netty.socket.SocketChannelHandler - 收到消息:{"method":"login/login","data":["test","123"]}
2020-04-29 17:26:59.494 [nioEventLoopGroup-3-1] INFO  org.milkteaboy.simplefarm.game.controller.LoginController - 用户登录,userId:1
2020-04-29 17:26:59.536 [nioEventLoopGroup-3-1] DEBUG org.milkteaboy.simplefarm.netty.socket.SocketServer - 发送消息：{"method":"login/login","data":{"success":true,"message":"登录成功"}}
2020-04-29 17:26:59.565 [nioEventLoopGroup-3-1] DEBUG org.milkteaboy.simplefarm.netty.socket.SocketChannelHandler - 收到消息:{"method":"global/farmInfo","data":[]}
2020-04-29 17:26:59.821 [nioEventLoopGroup-3-1] DEBUG org.milkteaboy.simplefarm.netty.socket.SocketServer - 发送消息：{"method":"global/farmInfo","data":{"needExp":100,"wellWaterCount":3,"level":1,"buildInfo":[{"buildId":0,"level":1,"maxLevel":1},{"buildId":1,"level":1,"maxLevel":1},{"buildId":2,"level":1,"maxLevel":1},{"buildId":3,"level":1,"maxLevel":1},{"buildId":4,"level":1,"maxLevel":1},{"buildId":5,"level":1,"maxLevel":1},{"buildId":6,"level":1,"maxLevel":1},{"buildId":7,"level":1,"maxLevel":1},{"buildId":8,"level":1,"maxLevel":1}],"success":true,"nickname":"测试","message":"获取成功","exp":0,"hunterState":0,"coin":100,"livestockInfo":[{"buildId":3,"count":2,"finishDateTime":"2020-04-29 17:09:00","id":1,"startDateTime":"2020-04-29 17:07:00"},{"buildId":3,"count":0,"id":-1}],"groundInfo":[{"buildId":5,"userGroundList":[{"id":-1,"index":0},{"id":-1,"index":1},{"id":-1,"index":2},{"id":-1,"index":3},{"id":-1,"index":4},{"id":-1,"index":5}]},{"buildId":6,"userGroundList":[{"id":-1,"index":6},{"id":-1,"index":7},{"id":-1,"index":8},{"id":-1,"index":9},{"id":-1,"index":10},{"id":-1,"index":11}]}]}}
2020-04-29 17:27:41.472 [nioEventLoopGroup-3-1] INFO  org.milkteaboy.simplefarm.game.config.SocketConfig - 断开连接,userId:1
